<?xml version="1.0" encoding="UTF-8"?>
<!-- Generated by org.testng.reporters.JUnitReportReporter -->
<testsuite skipped="0" hostname="shashank" name="com.vtiger.comcast.organisationTest.CreateOrgTest" tests="2" failures="0" timestamp="2022-02-01T11:47:13 IST" time="58.324" errors="0">
  <testcase name="createorgWithIndustrytest" time="24.879" classname="com.vtiger.comcast.organisationTest.CreateOrgTest"/>
  <system-out/>
  <testcase name="createOrgTest" time="33.445" classname="com.vtiger.comcast.organisationTest.CreateOrgTest"/>
  <system-out/>
</testsuite> <!-- com.vtiger.comcast.organisationTest.CreateOrgTest -->
