<?xml version="1.0" encoding="UTF-8"?>
<!-- Generated by org.testng.reporters.JUnitReportReporter -->
<testsuite hostname="shashank" failures="0" tests="5" name="practise.BookTicket" time="0.031" errors="0" timestamp="2022-01-20T15:23:26 IST" skipped="0">
  <testcase classname="practise.BookTicket" name="BookTicketTest" time="0.007"/>
  <system-out/>
  <testcase classname="practise.BookTicket" name="BookTicketTest" time="0.016"/>
  <system-out/>
  <testcase classname="practise.BookTicket" name="BookTicketTest" time="0.005"/>
  <system-out/>
  <testcase classname="practise.BookTicket" name="BookTicketTest" time="0.001"/>
  <system-out/>
  <testcase classname="practise.BookTicket" name="BookTicketTest" time="0.002"/>
  <system-out/>
</testsuite> <!-- practise.BookTicket -->
