<?xml version="1.0" encoding="UTF-8"?>
<!-- Generated by org.testng.reporters.JUnitReportReporter -->
<testsuite hostname="shashank" failures="0" tests="1" name="practise.ProjectUnitTest" time="0.315" errors="0" timestamp="2022-01-13T11:31:44 IST" skipped="0">
  <testcase classname="practise.ProjectUnitTest" name="ProjectUnitTest" time="0.315"/>
  <system-out/>
</testsuite> <!-- practise.ProjectUnitTest -->
